<?xml version="1.0" encoding="UTF-8"?>
<testng-results skipped="0" failed="0" ignored="0" total="2" passed="2">
  <reporter-output>
  </reporter-output>
  <suite name="Default suite" duration-ms="6511" started-at="2021-09-19T11:46:06 IST" finished-at="2021-09-19T11:46:13 IST">
    <groups>
    </groups>
    <test name="Default test" duration-ms="6511" started-at="2021-09-19T11:46:06 IST" finished-at="2021-09-19T11:46:13 IST">
      <class name="com.psl.Practice.Signup">
        <test-method status="PASS" signature="BeforeTest()[pri:0, instance:com.psl.Practice.Signup@64485a47]" name="BeforeTest" is-config="true" duration-ms="2180" started-at="2021-09-19T11:46:06 IST" finished-at="2021-09-19T11:46:08 IST">
          <reporter-output>
          </reporter-output>
        </test-method> <!-- BeforeTest -->
        <test-method status="PASS" signature="beforeMethod()[pri:0, instance:com.psl.Practice.Signup@64485a47]" name="beforeMethod" is-config="true" duration-ms="804" started-at="2021-09-19T11:46:09 IST" finished-at="2021-09-19T11:46:10 IST">
          <reporter-output>
          </reporter-output>
        </test-method> <!-- beforeMethod -->
        <test-method status="PASS" signature="signupTest(java.lang.String,java.lang.String,java.lang.String,java.lang.String,java.lang.String)[pri:0, instance:com.psl.Practice.Signup@64485a47]" name="signupTest" duration-ms="1125" started-at="2021-09-19T11:46:10 IST" data-provider="testData" finished-at="2021-09-19T11:46:11 IST">
          <params>
            <param index="0">
              <value>
                <![CDATA[Morgan]]>
              </value>
            </param>
            <param index="1">
              <value>
                <![CDATA[1548926699]]>
              </value>
            </param>
            <param index="2">
              <value>
                <![CDATA[mo23@gmail.com]]>
              </value>
            </param>
            <param index="3">
              <value>
                <![CDATA[mo123]]>
              </value>
            </param>
            <param index="4">
              <value>
                <![CDATA[mo123]]>
              </value>
            </param>
          </params>
          <reporter-output>
          </reporter-output>
        </test-method> <!-- signupTest -->
        <test-method status="PASS" signature="beforeMethod()[pri:0, instance:com.psl.Practice.Signup@64485a47]" name="beforeMethod" is-config="true" duration-ms="104" started-at="2021-09-19T11:46:11 IST" finished-at="2021-09-19T11:46:11 IST">
          <reporter-output>
          </reporter-output>
        </test-method> <!-- beforeMethod -->
        <test-method status="PASS" signature="signupTest(java.lang.String,java.lang.String,java.lang.String,java.lang.String,java.lang.String)[pri:0, instance:com.psl.Practice.Signup@64485a47]" name="signupTest" duration-ms="1013" started-at="2021-09-19T11:46:11 IST" data-provider="testData" finished-at="2021-09-19T11:46:12 IST">
          <params>
            <param index="0">
              <value>
                <![CDATA[cm]]>
              </value>
            </param>
            <param index="1">
              <value>
                <![CDATA[7546651111]]>
              </value>
            </param>
            <param index="2">
              <value>
                <![CDATA[cm12@gmail.com]]>
              </value>
            </param>
            <param index="3">
              <value>
                <![CDATA[cm123]]>
              </value>
            </param>
            <param index="4">
              <value>
                <![CDATA[cm123]]>
              </value>
            </param>
          </params>
          <reporter-output>
          </reporter-output>
        </test-method> <!-- signupTest -->
        <test-method status="PASS" signature="AfterTest()[pri:0, instance:com.psl.Practice.Signup@64485a47]" name="AfterTest" is-config="true" duration-ms="709" started-at="2021-09-19T11:46:12 IST" finished-at="2021-09-19T11:46:13 IST">
          <reporter-output>
          </reporter-output>
        </test-method> <!-- AfterTest -->
      </class> <!-- com.psl.Practice.Signup -->
    </test> <!-- Default test -->
  </suite> <!-- Default suite -->
</testng-results>
